Build started 18/06/2015 20:40:58.
     1>Project "C:\Users\rmso\Downloads\Project1\Project1\Project1\Project1.vcxproj" on node 2 (Build target(s)).
     1>ClCompile:
         C:\Program Files (x86)\Microsoft Visual Studio 12.0\VC\bin\CL.exe /c /IC:\Users\rmso\Downloads\Project1\Project1\Dependencies\Include /Zi /nologo /W3 /WX- /sdl /O2 /Oi /Oy- /GL /D _MBCS /Gm- /EHsc /MD /GS /Gy /fp:precise /Zc:wchar_t /Zc:forScope /Fo"Release\\" /Fd"Release\vc120.pdb" /Gd /TP /analyze- /errorReport:prompt main.cpp
         main.cpp
     1>main.cpp(124): warning C4018: '<' : signed/unsigned mismatch
     1>main.cpp(133): warning C4018: '<' : signed/unsigned mismatch
     1>main.cpp(142): warning C4018: '<' : signed/unsigned mismatch
     1>main.cpp(151): warning C4018: '<' : signed/unsigned mismatch
     1>main.cpp(160): warning C4018: '<' : signed/unsigned mismatch
     1>main.cpp(169): warning C4018: '<' : signed/unsigned mismatch
     1>main.cpp(178): warning C4018: '<' : signed/unsigned mismatch
     1>main.cpp(184): warning C4018: '<' : signed/unsigned mismatch
     1>main.cpp(190): warning C4018: '<' : signed/unsigned mismatch
     1>main.cpp(197): warning C4018: '>' : signed/unsigned mismatch
       Link:
         C:\Program Files (x86)\Microsoft Visual Studio 12.0\VC\bin\link.exe /ERRORREPORT:PROMPT /OUT:"C:\Users\rmso\Downloads\Project1\Project1\Release\Project1.exe" /NOLOGO /LIBPATH:C:\Users\rmso\Downloads\Project1\Project1\Dependencies\Lib kernel32.lib user32.lib gdi32.lib winspool.lib comdlg32.lib advapi32.lib shell32.lib ole32.lib oleaut32.lib uuid.lib odbc32.lib odbccp32.lib /MANIFEST /MANIFESTUAC:"level='asInvoker' uiAccess='false'" /manifest:embed /DEBUG /PDB:"C:\Users\rmso\Downloads\Project1\Project1\Release\Project1.pdb" /OPT:REF /OPT:ICF /LTCG /TLBID:1 /DYNAMICBASE /NXCOMPAT /IMPLIB:"C:\Users\rmso\Downloads\Project1\Project1\Release\Project1.lib" /MACHINE:X86 /SAFESEH Release\glcin.obj
         Release\glcinMatrix.obj
         Release\glcinObject.obj
         Release\main.obj
         Generating code
         Finished generating code
         Project1.vcxproj -> C:\Users\rmso\Downloads\Project1\Project1\Release\Project1.exe
     1>Done Building Project "C:\Users\rmso\Downloads\Project1\Project1\Project1\Project1.vcxproj" (Build target(s)).

Build succeeded.

Time Elapsed 00:00:02.19
