Build started 19/06/2015 12:03:01.
     1>Project "C:\Users\tpa\Documents\CGProject\CGProject\Project1\Project1.vcxproj" on node 2 (Build target(s)).
     1>C:\Program Files (x86)\MSBuild\Microsoft.Cpp\v4.0\V120\Microsoft.CppBuild.targets(381,5): warning MSB8028: The intermediate directory (Debug\) contains files shared from another project (Project1.vcxproj).  This can lead to incorrect clean and rebuild behavior.
     1>ClCompile:
         C:\Program Files (x86)\Microsoft Visual Studio 12.0\VC\bin\CL.exe /c /IC:\Users\tpa\Documents\CGProject\CGProject\Dependencies\Include /ZI /nologo /W3 /WX- /sdl /Od /Oy- /D _MBCS /Gm /EHsc /RTC1 /MDd /GS /fp:precise /Zc:wchar_t /Zc:forScope /Fo"Debug\\" /Fd"Debug\vc120.pdb" /Gd /TP /analyze- /errorReport:prompt CGObjetos.cpp CGPrincipal.cpp
         CGPrincipal.cpp
     1>c:\users\tpa\documents\cgproject\cgproject\project1\cgprincipal.cpp(124): warning C4018: '<' : signed/unsigned mismatch
     1>c:\users\tpa\documents\cgproject\cgproject\project1\cgprincipal.cpp(133): warning C4018: '<' : signed/unsigned mismatch
     1>c:\users\tpa\documents\cgproject\cgproject\project1\cgprincipal.cpp(142): warning C4018: '<' : signed/unsigned mismatch
     1>c:\users\tpa\documents\cgproject\cgproject\project1\cgprincipal.cpp(151): warning C4018: '<' : signed/unsigned mismatch
     1>c:\users\tpa\documents\cgproject\cgproject\project1\cgprincipal.cpp(160): warning C4018: '<' : signed/unsigned mismatch
     1>c:\users\tpa\documents\cgproject\cgproject\project1\cgprincipal.cpp(169): warning C4018: '<' : signed/unsigned mismatch
     1>c:\users\tpa\documents\cgproject\cgproject\project1\cgprincipal.cpp(178): warning C4018: '<' : signed/unsigned mismatch
     1>c:\users\tpa\documents\cgproject\cgproject\project1\cgprincipal.cpp(184): warning C4018: '<' : signed/unsigned mismatch
     1>c:\users\tpa\documents\cgproject\cgproject\project1\cgprincipal.cpp(190): warning C4018: '<' : signed/unsigned mismatch
     1>c:\users\tpa\documents\cgproject\cgproject\project1\cgprincipal.cpp(197): warning C4018: '>' : signed/unsigned mismatch
         CGObjetos.cpp
     1>c:\users\tpa\documents\cgproject\cgproject\project1\cgobjetos.cpp(48): warning C4018: '<' : signed/unsigned mismatch
     1>c:\users\tpa\documents\cgproject\cgproject\project1\cgobjetos.cpp(54): warning C4018: '<' : signed/unsigned mismatch
     1>c:\users\tpa\documents\cgproject\cgproject\project1\cgobjetos.cpp(78): warning C4018: '<' : signed/unsigned mismatch
     1>c:\users\tpa\documents\cgproject\cgproject\project1\cgobjetos.cpp(84): warning C4018: '<' : signed/unsigned mismatch
     1>c:\users\tpa\documents\cgproject\cgproject\project1\cgobjetos.cpp(111): warning C4018: '<' : signed/unsigned mismatch
     1>c:\users\tpa\documents\cgproject\cgproject\project1\cgobjetos.cpp(117): warning C4018: '<' : signed/unsigned mismatch
     1>c:\users\tpa\documents\cgproject\cgproject\project1\cgobjetos.cpp(208): warning C4101: 'VF' : unreferenced local variable
         Generating Code...
       Link:
         C:\Program Files (x86)\Microsoft Visual Studio 12.0\VC\bin\link.exe /ERRORREPORT:PROMPT /OUT:"C:\Users\tpa\Documents\CGProject\CGProject\Debug\CGProject.exe" /INCREMENTAL /NOLOGO /LIBPATH:C:\Users\tpa\Documents\CGProject\CGProject\Dependencies\Lib SOIL.lib kernel32.lib user32.lib gdi32.lib winspool.lib comdlg32.lib advapi32.lib shell32.lib ole32.lib oleaut32.lib uuid.lib odbc32.lib odbccp32.lib /MANIFEST /MANIFESTUAC:"level='asInvoker' uiAccess='false'" /manifest:embed /DEBUG /PDB:"C:\Users\tpa\Documents\CGProject\CGProject\Debug\CGProject.pdb" /TLBID:1 /DYNAMICBASE /NXCOMPAT /IMPLIB:"C:\Users\tpa\Documents\CGProject\CGProject\Debug\CGProject.lib" /MACHINE:X86 Debug\CGFachadas.obj
         Debug\CGMatrizes.obj
         Debug\CGObjetos.obj
         Debug\CGPrincipal.obj
         Project1.vcxproj -> C:\Users\tpa\Documents\CGProject\CGProject\Debug\CGProject.exe
     1>Done Building Project "C:\Users\tpa\Documents\CGProject\CGProject\Project1\Project1.vcxproj" (Build target(s)).

Build succeeded.

Time Elapsed 00:00:01.49
